<?xml version="1.0" encoding="UTF-8"?>
<!-- Generated by org.testng.reporters.JUnitReportReporter -->
<testsuite skipped="2" hostname="LAPTOP-M6Q9KTFA" name="AmazonHydridFramework.Testcases.WelcomePageTest" tests="3" failures="0" timestamp="04 Apr 2020 18:49:47 GMT" time="1.187" errors="0">
  <testcase name="amazonSignIn" time="1.187" classname="AmazonHydridFramework.Testcases.WelcomePageTest"/>
  <testcase name="amazonSkipSignIn" classname="AmazonHydridFramework.Testcases.WelcomePageTest">
    <skipped/>
  </testcase> <!-- amazonSkipSignIn -->
  <testcase name="amazonSignUp" classname="AmazonHydridFramework.Testcases.WelcomePageTest">
    <skipped/>
  </testcase> <!-- amazonSignUp -->
</testsuite> <!-- AmazonHydridFramework.Testcases.WelcomePageTest -->
