<?xml version="1.0" encoding="UTF-8"?>
<!-- Generated by org.testng.reporters.JUnitReportReporter -->
<testsuite skipped="3" hostname="LAPTOP-M6Q9KTFA" name="AmazonHydridFramework.Testcases.WelcomePageTest" tests="3" failures="0" timestamp="15 Apr 2020 10:44:15 GMT" time="0.000" errors="0">
  <testcase name="amazonSignIn" time="0.000" classname="AmazonHydridFramework.Testcases.WelcomePageTest">
    <skipped/>
  </testcase> <!-- amazonSignIn -->
  <testcase name="amazonSkipSignIn" classname="AmazonHydridFramework.Testcases.WelcomePageTest">
    <skipped/>
  </testcase> <!-- amazonSkipSignIn -->
  <testcase name="amazonSignUp" classname="AmazonHydridFramework.Testcases.WelcomePageTest">
    <skipped/>
  </testcase> <!-- amazonSignUp -->
</testsuite> <!-- AmazonHydridFramework.Testcases.WelcomePageTest -->
