<?xml version="1.0" encoding="UTF-8"?>
<!-- Generated by org.testng.reporters.JUnitReportReporter -->
<testsuite skipped="1" hostname="LAPTOP-M6Q9KTFA" name="AmazonHydridFramework.Testcases.LoginPageTest" tests="2" failures="0" timestamp="15 Apr 2020 10:44:15 GMT" time="4.167" errors="1">
  <testcase name="login" time="0.000" classname="AmazonHydridFramework.Testcases.LoginPageTest">
    <skipped/>
  </testcase> <!-- login -->
  <testcase name="methodLevelSetup" time="4.167" classname="AmazonHydridFramework.Testcases.LoginPageTest">
    <error type="org.openqa.selenium.WebDriverException" message="Connection refused: connect
Build info: version: &#039;3.141.59&#039;, revision: &#039;e82be7d358&#039;, time: &#039;2018-11-14T08:17:03&#039;
System info: host: &#039;LAPTOP-M6Q9KTFA&#039;, ip: &#039;192.168.100.179&#039;, os.name: &#039;Windows 10&#039;, os.arch: &#039;amd64&#039;, os.version: &#039;10.0&#039;, java.version: &#039;1.8.0_211&#039;
Driver info: driver.version: AndroidDriver">
      <![CDATA[org.openqa.selenium.WebDriverException: Connection refused: connectBuild info: version: '3.141.59', revision: 'e82be7d358', time: '2018-11-14T08:17:03'System info: host: 'LAPTOP-M6Q9KTFA', ip: '192.168.100.179', os.name: 'Windows 10', os.arch: 'amd64', os.version: '10.0', java.version: '1.8.0_211'Driver info: driver.version: AndroidDriverat io.appium.java_client.remote.AppiumCommandExecutor.lambda$5(AppiumCommandExecutor.java:251)at java.util.Optional.orElseGet(Optional.java:267)at io.appium.java_client.remote.AppiumCommandExecutor.execute(AppiumCommandExecutor.java:250)at org.openqa.selenium.remote.RemoteWebDriver.execute(RemoteWebDriver.java:552)at io.appium.java_client.DefaultGenericMobileDriver.execute(DefaultGenericMobileDriver.java:41)at io.appium.java_client.AppiumDriver.execute(AppiumDriver.java:1)at io.appium.java_client.android.AndroidDriver.execute(AndroidDriver.java:1)at org.openqa.selenium.remote.RemoteWebDriver.startSession(RemoteWebDriver.java:213)at io.appium.java_client.AppiumDriver.startSession(AppiumDriver.java:323)at org.openqa.selenium.remote.RemoteWebDriver.<init>(RemoteWebDriver.java:131)at io.appium.java_client.DefaultGenericMobileDriver.<init>(DefaultGenericMobileDriver.java:37)at io.appium.java_client.AppiumDriver.<init>(AppiumDriver.java:86)at io.appium.java_client.AppiumDriver.<init>(AppiumDriver.java:96)at io.appium.java_client.android.AndroidDriver.<init>(AndroidDriver.java:94)at androidCapabilities.androidCapabilities2.methodLevelSetup(androidCapabilities2.java:88)at sun.reflect.NativeMethodAccessorImpl.invoke0(Native Method)at sun.reflect.NativeMethodAccessorImpl.invoke(NativeMethodAccessorImpl.java:62)at sun.reflect.DelegatingMethodAccessorImpl.invoke(DelegatingMethodAccessorImpl.java:43)at java.lang.reflect.Method.invoke(Method.java:498)at org.testng.internal.MethodInvocationHelper.invokeMethod(MethodInvocationHelper.java:124)at org.testng.internal.MethodInvocationHelper.invokeMethodConsideringTimeout(MethodInvocationHelper.java:59)at org.testng.internal.Invoker.invokeConfigurationMethod(Invoker.java:451)at org.testng.internal.Invoker.invokeConfigurations(Invoker.java:222)at org.testng.internal.Invoker.invokeConfigurations(Invoker.java:142)at org.testng.TestRunner.beforeRun(TestRunner.java:529)at org.testng.TestRunner.run(TestRunner.java:497)at org.testng.SuiteRunner.runTest(SuiteRunner.java:455)at org.testng.SuiteRunner.runSequentially(SuiteRunner.java:450)at org.testng.SuiteRunner.privateRun(SuiteRunner.java:415)at org.testng.SuiteRunner.run(SuiteRunner.java:364)at org.testng.SuiteRunnerWorker.runSuite(SuiteRunnerWorker.java:52)at org.testng.SuiteRunnerWorker.run(SuiteRunnerWorker.java:84)at org.testng.TestNG.runSuitesSequentially(TestNG.java:1187)at org.testng.TestNG.runSuitesLocally(TestNG.java:1116)at org.testng.TestNG.runSuites(TestNG.java:1028)at org.testng.TestNG.run(TestNG.java:996)at org.apache.maven.surefire.testng.TestNGExecutor.run(TestNGExecutor.java:281)at org.apache.maven.surefire.testng.TestNGXmlTestSuite.execute(TestNGXmlTestSuite.java:75)at org.apache.maven.surefire.testng.TestNGProvider.invoke(TestNGProvider.java:121)at org.apache.maven.surefire.booter.ForkedBooter.invokeProviderInSameClassLoader(ForkedBooter.java:290)at org.apache.maven.surefire.booter.ForkedBooter.runSuitesInProcess(ForkedBooter.java:242)at org.apache.maven.surefire.booter.ForkedBooter.main(ForkedBooter.java:121)Caused by: java.net.ConnectException: Connection refused: connectat java.net.DualStackPlainSocketImpl.waitForConnect(Native Method)at java.net.DualStackPlainSocketImpl.socketConnect(DualStackPlainSocketImpl.java:85)at java.net.AbstractPlainSocketImpl.doConnect(AbstractPlainSocketImpl.java:350)at java.net.AbstractPlainSocketImpl.connectToAddress(AbstractPlainSocketImpl.java:206)at java.net.AbstractPlainSocketImpl.connect(AbstractPlainSocketImpl.java:188)at java.net.PlainSocketImpl.connect(PlainSocketImpl.java:172)at java.net.SocksSocketImpl.connect(SocksSocketImpl.java:392)at java.net.Socket.connect(Socket.java:589)at okhttp3.internal.platform.Platform.connectSocket(Platform.java:129)at okhttp3.internal.connection.RealConnection.connectSocket(RealConnection.java:245)at okhttp3.internal.connection.RealConnection.connect(RealConnection.java:165)at okhttp3.internal.connection.StreamAllocation.findConnection(StreamAllocation.java:257)at okhttp3.internal.connection.StreamAllocation.findHealthyConnection(StreamAllocation.java:135)at okhttp3.internal.connection.StreamAllocation.newStream(StreamAllocation.java:114)at okhttp3.internal.connection.ConnectInterceptor.intercept(ConnectInterceptor.java:42)at okhttp3.internal.http.RealInterceptorChain.proceed(RealInterceptorChain.java:147)at okhttp3.internal.http.RealInterceptorChain.proceed(RealInterceptorChain.java:121)at okhttp3.internal.cache.CacheInterceptor.intercept(CacheInterceptor.java:93)at okhttp3.internal.http.RealInterceptorChain.proceed(RealInterceptorChain.java:147)at okhttp3.internal.http.RealInterceptorChain.proceed(RealInterceptorChain.java:121)at okhttp3.internal.http.BridgeInterceptor.intercept(BridgeInterceptor.java:93)at okhttp3.internal.http.RealInterceptorChain.proceed(RealInterceptorChain.java:147)at okhttp3.internal.http.RetryAndFollowUpInterceptor.intercept(RetryAndFollowUpInterceptor.java:126)at okhttp3.internal.http.RealInterceptorChain.proceed(RealInterceptorChain.java:147)at okhttp3.internal.http.RealInterceptorChain.proceed(RealInterceptorChain.java:121)at okhttp3.RealCall.getResponseWithInterceptorChain(RealCall.java:200)at okhttp3.RealCall.execute(RealCall.java:77)at org.openqa.selenium.remote.internal.OkHttpClient.execute(OkHttpClient.java:103)at org.openqa.selenium.remote.ProtocolHandshake.createSession(ProtocolHandshake.java:105)at sun.reflect.NativeMethodAccessorImpl.invoke0(Native Method)at sun.reflect.NativeMethodAccessorImpl.invoke(NativeMethodAccessorImpl.java:62)at sun.reflect.DelegatingMethodAccessorImpl.invoke(DelegatingMethodAccessorImpl.java:43)at java.lang.reflect.Method.invoke(Method.java:498)at io.appium.java_client.remote.AppiumCommandExecutor$1.createSession(AppiumCommandExecutor.java:186)at io.appium.java_client.remote.AppiumCommandExecutor.createSession(AppiumCommandExecutor.java:217)at io.appium.java_client.remote.AppiumCommandExecutor.execute(AppiumCommandExecutor.java:239)... 39 more]]>
    </error>
  </testcase> <!-- methodLevelSetup -->
</testsuite> <!-- AmazonHydridFramework.Testcases.LoginPageTest -->
